<?xml version="1.0" encoding="UTF-8"?>
<!-- Generated by org.testng.reporters.JUnitXMLReporter -->
<testsuite ignored="0" hostname="DESKTOP-UAOKV2O" failures="0" tests="3" name="OpenCart Test" time="3.089" errors="0" timestamp="2024-03-27T17:40:03 GST">
  <testcase classname="testngsessions.OpenCartLoginTest" name="TC103_imageTest" time="0.063"/>
  <testcase classname="testngsessions.OpenCartLoginTest" name="TC102_getCurrentUrl" time="0.015"/>
  <testcase classname="testngsessions.OpenCartLoginTest" name="TC101_getTitle" time="0.022"/>
</testsuite> <!-- OpenCart Test -->
