<?xml version="1.0" encoding="UTF-8"?>
<!-- Generated by org.testng.reporters.JUnitXMLReporter -->
<testsuite ignored="0" hostname="DESKTOP-UAOKV2O" failures="0" tests="3" name="OrangeHRM Test" time="11.932" errors="0" timestamp="2024-03-27T17:40:00 GST">
  <testcase classname="testngsessions.OrangeHrmTest" name="TC101_getTitle" time="0.014"/>
  <testcase classname="testngsessions.OrangeHrmTest" name="TC102_getCurrentUrl" time="0.028"/>
  <testcase classname="testngsessions.OrangeHrmTest" name="TC103_imageTest" time="0.11"/>
</testsuite> <!-- OrangeHRM Test -->
