<?xml version="1.0" encoding="UTF-8"?>
<!-- Generated by org.testng.reporters.JUnitXMLReporter -->
<testsuite ignored="0" hostname="DESKTOP-UAOKV2O" failures="0" tests="11" name="Default test" time="5.081" errors="0" timestamp="2024-03-28T20:06:29 GST">
  <testcase classname="testngsessions.priorityConcepts" name="TC101_getTitle" time="0.02"/>
  <testcase classname="testngsessions.priorityConcepts" name="TC101_getTitle" time="0.016"/>
  <testcase classname="testngsessions.priorityConcepts" name="TC101_getTitle" time="0.023"/>
  <testcase classname="testngsessions.priorityConcepts" name="TC101_getTitle" time="0.024"/>
  <testcase classname="testngsessions.priorityConcepts" name="TC101_getTitle" time="0.02"/>
  <testcase classname="testngsessions.priorityConcepts" name="TC101_getTitle" time="0.018"/>
  <testcase classname="testngsessions.priorityConcepts" name="TC101_getTitle" time="0.017"/>
  <testcase classname="testngsessions.priorityConcepts" name="TC101_getTitle" time="0.016"/>
  <testcase classname="testngsessions.priorityConcepts" name="TC101_getTitle" time="0.016"/>
  <testcase classname="testngsessions.priorityConcepts" name="TC101_getTitle" time="0.014"/>
  <testcase classname="testngsessions.priorityConcepts" name="TC102_getCurrentUrl" time="0.016"/>
</testsuite> <!-- Default test -->
